2022-10-30 19:43:23,331 INFO org.springframework.boot.StartupInfoLogger [main] Starting AlticcisequenceApplication using Java 1.8.0_202 on LAPTOP-QITGKDTN with PID 7328 (C:\Users\dawoo\Desktop\Practice\Winprovit\AlticciSequence\target\classes started by dawoo in C:\Users\dawoo\Desktop\Practice\Winprovit\AlticciSequence)
2022-10-30 19:43:23,334 INFO org.springframework.boot.SpringApplication [main] No active profile set, falling back to 1 default profile: "default"
2022-10-30 19:43:24,413 INFO org.springframework.boot.web.embedded.tomcat.TomcatWebServer [main] Tomcat initialized with port(s): 8080 (http)
2022-10-30 19:43:24,423 INFO org.apache.juli.logging.DirectJDKLog [main] Initializing ProtocolHandler ["http-nio-8080"]
2022-10-30 19:43:24,424 INFO org.apache.juli.logging.DirectJDKLog [main] Starting service [Tomcat]
2022-10-30 19:43:24,424 INFO org.apache.juli.logging.DirectJDKLog [main] Starting Servlet engine: [Apache Tomcat/9.0.68]
2022-10-30 19:43:24,567 INFO org.apache.juli.logging.DirectJDKLog [main] Initializing Spring embedded WebApplicationContext
2022-10-30 19:43:24,568 INFO org.springframework.boot.web.servlet.context.ServletWebServerApplicationContext [main] Root WebApplicationContext: initialization completed in 1193 ms
2022-10-30 19:43:25,220 INFO org.apache.juli.logging.DirectJDKLog [main] Starting ProtocolHandler ["http-nio-8080"]
2022-10-30 19:43:25,234 INFO org.springframework.boot.web.embedded.tomcat.TomcatWebServer [main] Tomcat started on port(s): 8080 (http) with context path ''
2022-10-30 19:43:25,411 INFO org.springframework.boot.StartupInfoLogger [main] Started AlticcisequenceApplication in 2.389 seconds (JVM running for 3.89)
2022-10-30 19:44:44,027 INFO org.apache.juli.logging.DirectJDKLog [http-nio-8080-exec-2] Initializing Spring DispatcherServlet 'dispatcherServlet'
2022-10-30 19:44:44,028 INFO org.springframework.web.servlet.FrameworkServlet [http-nio-8080-exec-2] Initializing Servlet 'dispatcherServlet'
2022-10-30 19:44:44,029 INFO org.springframework.web.servlet.FrameworkServlet [http-nio-8080-exec-2] Completed initialization in 1 ms
2022-10-30 19:44:51,717 INFO com.practice.alticcisequence.alticcisequence.Service.Implementations.AlticciServiceImplementation [http-nio-8080-exec-2] Calculating alticci sequence for input : 1 started
2022-10-30 19:44:51,718 INFO com.practice.alticcisequence.alticcisequence.Service.Implementations.AlticciServiceImplementation [http-nio-8080-exec-2] Calculating alticci sequence for input : 1 completed..
2022-10-30 19:45:43,046 INFO org.springframework.boot.StartupInfoLogger [main] Starting AlticcisequenceApplication using Java 1.8.0_202 on LAPTOP-QITGKDTN with PID 3616 (C:\Users\dawoo\Desktop\Practice\Winprovit\AlticciSequence\target\classes started by dawoo in C:\Users\dawoo\Desktop\Practice\Winprovit\AlticciSequence)
2022-10-30 19:45:43,049 INFO org.springframework.boot.SpringApplication [main] No active profile set, falling back to 1 default profile: "default"
2022-10-30 19:45:43,964 INFO org.springframework.boot.web.embedded.tomcat.TomcatWebServer [main] Tomcat initialized with port(s): 8080 (http)
2022-10-30 19:45:43,970 INFO org.apache.juli.logging.DirectJDKLog [main] Initializing ProtocolHandler ["http-nio-8080"]
2022-10-30 19:45:43,970 INFO org.apache.juli.logging.DirectJDKLog [main] Starting service [Tomcat]
2022-10-30 19:45:43,971 INFO org.apache.juli.logging.DirectJDKLog [main] Starting Servlet engine: [Apache Tomcat/9.0.68]
2022-10-30 19:45:44,069 INFO org.apache.juli.logging.DirectJDKLog [main] Initializing Spring embedded WebApplicationContext
2022-10-30 19:45:44,069 INFO org.springframework.boot.web.servlet.context.ServletWebServerApplicationContext [main] Root WebApplicationContext: initialization completed in 978 ms
2022-10-30 19:45:44,607 INFO org.apache.juli.logging.DirectJDKLog [main] Starting ProtocolHandler ["http-nio-8080"]
2022-10-30 19:45:44,619 INFO org.springframework.boot.web.embedded.tomcat.TomcatWebServer [main] Tomcat started on port(s): 8080 (http) with context path ''
2022-10-30 19:45:44,757 INFO org.springframework.boot.StartupInfoLogger [main] Started AlticcisequenceApplication in 2.032 seconds (JVM running for 2.666)
2022-10-30 19:45:50,014 INFO org.apache.juli.logging.DirectJDKLog [http-nio-8080-exec-1] Initializing Spring DispatcherServlet 'dispatcherServlet'
2022-10-30 19:45:50,014 INFO org.springframework.web.servlet.FrameworkServlet [http-nio-8080-exec-1] Initializing Servlet 'dispatcherServlet'
2022-10-30 19:45:50,016 INFO org.springframework.web.servlet.FrameworkServlet [http-nio-8080-exec-1] Completed initialization in 2 ms
2022-10-30 19:45:57,185 INFO com.practice.alticcisequence.alticcisequence.Service.Implementations.AlticciServiceImplementation [http-nio-8080-exec-1] Calculating alticci sequence for input : 2 started
2022-10-30 19:45:57,186 INFO com.practice.alticcisequence.alticcisequence.Service.Implementations.AlticciServiceImplementation [http-nio-8080-exec-1] Calculating alticci sequence for input : 2 completed..
2022-10-30 19:46:20,452 INFO com.practice.alticcisequence.alticcisequence.Service.Implementations.AlticciServiceImplementation [http-nio-8080-exec-2] Calculating alticci sequence for input : 3 started
2022-10-30 19:46:20,453 INFO com.practice.alticcisequence.alticcisequence.Service.Implementations.AlticciServiceImplementation [http-nio-8080-exec-2] Calculating alticci sequence for input : 3 completed..
2022-10-30 19:47:22,793 INFO com.practice.alticcisequence.alticcisequence.Service.Implementations.AlticciServiceImplementation [http-nio-8080-exec-6] Calculating alticci sequence for input : 1 started
2022-10-30 19:47:22,794 INFO com.practice.alticcisequence.alticcisequence.Service.Implementations.AlticciServiceImplementation [http-nio-8080-exec-6] Calculating alticci sequence for input : 1 completed..
2022-10-30 19:48:01,181 INFO com.practice.alticcisequence.alticcisequence.Service.Implementations.AlticciServiceImplementation [http-nio-8080-exec-1] Calculating alticci sequence for input : 4 started
2022-10-30 19:48:01,181 INFO com.practice.alticcisequence.alticcisequence.Service.Implementations.AlticciServiceImplementation [http-nio-8080-exec-1] Calculating alticci sequence for input : 4 completed..
2022-10-30 19:48:03,422 INFO com.practice.alticcisequence.alticcisequence.Service.Implementations.AlticciServiceImplementation [http-nio-8080-exec-2] Calculating alticci sequence for input : 5 started
2022-10-30 19:48:03,423 INFO com.practice.alticcisequence.alticcisequence.Service.Implementations.AlticciServiceImplementation [http-nio-8080-exec-2] Calculating alticci sequence for input : 5 completed..
2022-10-30 19:52:06,385 INFO com.practice.alticcisequence.alticcisequence.Service.Implementations.AlticciServiceImplementation [http-nio-8080-exec-9] Calculating alticci sequence for input : 6 started
2022-10-30 19:52:06,385 INFO com.practice.alticcisequence.alticcisequence.Service.Implementations.AlticciServiceImplementation [http-nio-8080-exec-9] Calculating alticci sequence for input : 6 completed..
2022-10-30 20:07:39,811 INFO com.practice.alticcisequence.alticcisequence.Service.Implementations.AlticciServiceImplementation [http-nio-8080-exec-3] Calculating alticci sequence for input : 7 started
2022-10-30 20:07:39,812 INFO com.practice.alticcisequence.alticcisequence.Service.Implementations.AlticciServiceImplementation [http-nio-8080-exec-3] Calculating alticci sequence for input : 7 completed..
2022-10-30 20:11:37,576 INFO org.springframework.boot.StartupInfoLogger [main] Starting AlticcisequenceApplication using Java 1.8.0_202 on LAPTOP-QITGKDTN with PID 11956 (C:\Users\dawoo\Desktop\Practice\Winprovit\AlticciSequence\target\classes started by dawoo in C:\Users\dawoo\Desktop\Practice\Winprovit\AlticciSequence)
2022-10-30 20:11:37,579 INFO org.springframework.boot.SpringApplication [main] No active profile set, falling back to 1 default profile: "default"
2022-10-30 20:11:38,504 INFO org.springframework.boot.web.embedded.tomcat.TomcatWebServer [main] Tomcat initialized with port(s): 8080 (http)
2022-10-30 20:11:38,511 INFO org.apache.juli.logging.DirectJDKLog [main] Initializing ProtocolHandler ["http-nio-8080"]
2022-10-30 20:11:38,512 INFO org.apache.juli.logging.DirectJDKLog [main] Starting service [Tomcat]
2022-10-30 20:11:38,512 INFO org.apache.juli.logging.DirectJDKLog [main] Starting Servlet engine: [Apache Tomcat/9.0.68]
2022-10-30 20:11:38,632 INFO org.apache.juli.logging.DirectJDKLog [main] Initializing Spring embedded WebApplicationContext
2022-10-30 20:11:38,632 INFO org.springframework.boot.web.servlet.context.ServletWebServerApplicationContext [main] Root WebApplicationContext: initialization completed in 1011 ms
2022-10-30 20:11:39,156 INFO org.apache.juli.logging.DirectJDKLog [main] Starting ProtocolHandler ["http-nio-8080"]
2022-10-30 20:11:39,171 INFO org.springframework.boot.web.embedded.tomcat.TomcatWebServer [main] Tomcat started on port(s): 8080 (http) with context path ''
2022-10-30 20:11:39,318 INFO org.springframework.boot.StartupInfoLogger [main] Started AlticcisequenceApplication in 2.083 seconds (JVM running for 2.904)
2022-10-30 20:12:29,879 INFO org.springframework.boot.StartupInfoLogger [main] Starting AlticcisequenceApplication using Java 1.8.0_202 on LAPTOP-QITGKDTN with PID 16604 (C:\Users\dawoo\Desktop\Practice\Winprovit\AlticciSequence\target\classes started by dawoo in C:\Users\dawoo\Desktop\Practice\Winprovit\AlticciSequence)
2022-10-30 20:12:29,883 INFO org.springframework.boot.SpringApplication [main] No active profile set, falling back to 1 default profile: "default"
2022-10-30 20:12:30,767 INFO org.springframework.boot.web.embedded.tomcat.TomcatWebServer [main] Tomcat initialized with port(s): 8080 (http)
2022-10-30 20:12:30,772 INFO org.apache.juli.logging.DirectJDKLog [main] Initializing ProtocolHandler ["http-nio-8080"]
2022-10-30 20:12:30,773 INFO org.apache.juli.logging.DirectJDKLog [main] Starting service [Tomcat]
2022-10-30 20:12:30,773 INFO org.apache.juli.logging.DirectJDKLog [main] Starting Servlet engine: [Apache Tomcat/9.0.68]
2022-10-30 20:12:30,870 INFO org.apache.juli.logging.DirectJDKLog [main] Initializing Spring embedded WebApplicationContext
2022-10-30 20:12:30,870 INFO org.springframework.boot.web.servlet.context.ServletWebServerApplicationContext [main] Root WebApplicationContext: initialization completed in 922 ms
2022-10-30 20:12:31,307 INFO org.springframework.boot.autoconfigure.web.servlet.WelcomePageHandlerMapping [main] Adding welcome page: class path resource [static/index.html]
2022-10-30 20:12:31,374 INFO org.apache.juli.logging.DirectJDKLog [main] Starting ProtocolHandler ["http-nio-8080"]
2022-10-30 20:12:31,386 INFO org.springframework.boot.web.embedded.tomcat.TomcatWebServer [main] Tomcat started on port(s): 8080 (http) with context path ''
2022-10-30 20:12:31,529 INFO org.springframework.boot.StartupInfoLogger [main] Started AlticcisequenceApplication in 2.053 seconds (JVM running for 2.681)
2022-10-30 20:13:11,668 INFO org.apache.juli.logging.DirectJDKLog [http-nio-8080-exec-2] Initializing Spring DispatcherServlet 'dispatcherServlet'
2022-10-30 20:13:11,668 INFO org.springframework.web.servlet.FrameworkServlet [http-nio-8080-exec-2] Initializing Servlet 'dispatcherServlet'
2022-10-30 20:13:11,670 INFO org.springframework.web.servlet.FrameworkServlet [http-nio-8080-exec-2] Completed initialization in 1 ms
2022-10-30 20:13:30,077 INFO com.practice.alticcisequence.alticcisequence.Service.Implementations.AlticciServiceImplementation [http-nio-8080-exec-6] Calculating alticci sequence for input : 1 started
2022-10-30 20:13:30,077 INFO com.practice.alticcisequence.alticcisequence.Service.Implementations.AlticciServiceImplementation [http-nio-8080-exec-6] Calculating alticci sequence for input : 1 completed..
2022-10-30 20:13:32,846 INFO com.practice.alticcisequence.alticcisequence.Service.Implementations.AlticciServiceImplementation [http-nio-8080-exec-10] Calculating alticci sequence for input : 4 started
2022-10-30 20:13:32,847 INFO com.practice.alticcisequence.alticcisequence.Service.Implementations.AlticciServiceImplementation [http-nio-8080-exec-10] Calculating alticci sequence for input : 4 completed..
2022-10-30 20:15:37,401 INFO org.springframework.test.context.support.AbstractTestContextBootstrapper [main] Neither @ContextConfiguration nor @ContextHierarchy found for test class [com.practice.alticcisequence.alticcisequence.AlticcisequenceApplicationTests], using SpringBootContextLoader
2022-10-30 20:15:37,407 INFO org.springframework.test.context.support.AbstractContextLoader [main] Could not detect default resource locations for test class [com.practice.alticcisequence.alticcisequence.AlticcisequenceApplicationTests]: no resource found for suffixes {-context.xml, Context.groovy}.
2022-10-30 20:15:37,408 INFO org.springframework.test.context.support.AnnotationConfigContextLoaderUtils [main] Could not detect default configuration classes for test class [com.practice.alticcisequence.alticcisequence.AlticcisequenceApplicationTests]: AlticcisequenceApplicationTests does not declare any static, non-private, non-final, nested classes annotated with @Configuration.
2022-10-30 20:15:37,510 INFO org.springframework.boot.test.context.SpringBootTestContextBootstrapper [main] Found @SpringBootConfiguration com.practice.alticcisequence.alticcisequence.AlticcisequenceApplication for test class com.practice.alticcisequence.alticcisequence.AlticcisequenceApplicationTests
2022-10-30 20:15:37,588 INFO org.springframework.test.context.support.AbstractTestContextBootstrapper [main] Loaded default TestExecutionListener class names from location [META-INF/spring.factories]: [org.springframework.boot.test.mock.mockito.MockitoTestExecutionListener, org.springframework.boot.test.mock.mockito.ResetMocksTestExecutionListener, org.springframework.boot.test.autoconfigure.restdocs.RestDocsTestExecutionListener, org.springframework.boot.test.autoconfigure.web.client.MockRestServiceServerResetTestExecutionListener, org.springframework.boot.test.autoconfigure.web.servlet.MockMvcPrintOnlyOnFailureTestExecutionListener, org.springframework.boot.test.autoconfigure.web.servlet.WebDriverTestExecutionListener, org.springframework.boot.test.autoconfigure.webservices.client.MockWebServiceServerTestExecutionListener, org.springframework.test.context.web.ServletTestExecutionListener, org.springframework.test.context.support.DirtiesContextBeforeModesTestExecutionListener, org.springframework.test.context.event.ApplicationEventsTestExecutionListener, org.springframework.test.context.support.DependencyInjectionTestExecutionListener, org.springframework.test.context.support.DirtiesContextTestExecutionListener, org.springframework.test.context.transaction.TransactionalTestExecutionListener, org.springframework.test.context.jdbc.SqlScriptsTestExecutionListener, org.springframework.test.context.event.EventPublishingTestExecutionListener]
2022-10-30 20:15:37,605 INFO org.springframework.test.context.support.AbstractTestContextBootstrapper [main] Using TestExecutionListeners: [org.springframework.test.context.web.ServletTestExecutionListener@19b843ba, org.springframework.test.context.support.DirtiesContextBeforeModesTestExecutionListener@64ec96c6, org.springframework.test.context.event.ApplicationEventsTestExecutionListener@77659b30, org.springframework.boot.test.mock.mockito.MockitoTestExecutionListener@456d6c1e, org.springframework.boot.test.autoconfigure.SpringBootDependencyInjectionTestExecutionListener@1e13529a, org.springframework.test.context.support.DirtiesContextTestExecutionListener@1ec9bd38, org.springframework.test.context.event.EventPublishingTestExecutionListener@452e19ca, org.springframework.boot.test.mock.mockito.ResetMocksTestExecutionListener@6b0d80ed, org.springframework.boot.test.autoconfigure.restdocs.RestDocsTestExecutionListener@6f8e8894, org.springframework.boot.test.autoconfigure.web.client.MockRestServiceServerResetTestExecutionListener@3cfdd820, org.springframework.boot.test.autoconfigure.web.servlet.MockMvcPrintOnlyOnFailureTestExecutionListener@928763c, org.springframework.boot.test.autoconfigure.web.servlet.WebDriverTestExecutionListener@e25951c, org.springframework.boot.test.autoconfigure.webservices.client.MockWebServiceServerTestExecutionListener@15f47664]
2022-10-30 20:15:37,853 INFO org.springframework.boot.StartupInfoLogger [main] Starting AlticcisequenceApplicationTests using Java 1.8.0_202 on LAPTOP-QITGKDTN with PID 10928 (started by dawoo in C:\Users\dawoo\Desktop\Practice\Winprovit\AlticciSequence)
2022-10-30 20:15:37,854 INFO org.springframework.boot.SpringApplication [main] No active profile set, falling back to 1 default profile: "default"
2022-10-30 20:15:39,775 INFO org.springframework.boot.autoconfigure.web.servlet.WelcomePageHandlerMapping [main] Adding welcome page: class path resource [static/index.html]
2022-10-30 20:15:40,165 INFO org.springframework.boot.StartupInfoLogger [main] Started AlticcisequenceApplicationTests in 2.529 seconds (JVM running for 3.419)
2022-10-30 20:15:52,458 INFO org.springframework.boot.StartupInfoLogger [main] Starting AlticcisequenceApplication using Java 1.8.0_202 on LAPTOP-QITGKDTN with PID 600 (C:\Users\dawoo\Desktop\Practice\Winprovit\AlticciSequence\target\classes started by dawoo in C:\Users\dawoo\Desktop\Practice\Winprovit\AlticciSequence)
2022-10-30 20:15:52,461 INFO org.springframework.boot.SpringApplication [main] No active profile set, falling back to 1 default profile: "default"
2022-10-30 20:15:53,302 INFO org.springframework.boot.web.embedded.tomcat.TomcatWebServer [main] Tomcat initialized with port(s): 8080 (http)
2022-10-30 20:15:53,308 INFO org.apache.juli.logging.DirectJDKLog [main] Initializing ProtocolHandler ["http-nio-8080"]
2022-10-30 20:15:53,308 INFO org.apache.juli.logging.DirectJDKLog [main] Starting service [Tomcat]
2022-10-30 20:15:53,309 INFO org.apache.juli.logging.DirectJDKLog [main] Starting Servlet engine: [Apache Tomcat/9.0.68]
2022-10-30 20:15:53,407 INFO org.apache.juli.logging.DirectJDKLog [main] Initializing Spring embedded WebApplicationContext
2022-10-30 20:15:53,407 INFO org.springframework.boot.web.servlet.context.ServletWebServerApplicationContext [main] Root WebApplicationContext: initialization completed in 915 ms
2022-10-30 20:15:53,842 INFO org.springframework.boot.autoconfigure.web.servlet.WelcomePageHandlerMapping [main] Adding welcome page: class path resource [static/index.html]
2022-10-30 20:15:53,908 INFO org.apache.juli.logging.DirectJDKLog [main] Starting ProtocolHandler ["http-nio-8080"]
2022-10-30 20:15:53,921 INFO org.springframework.boot.web.embedded.tomcat.TomcatWebServer [main] Tomcat started on port(s): 8080 (http) with context path ''
2022-10-30 20:15:54,082 INFO org.springframework.boot.StartupInfoLogger [main] Started AlticcisequenceApplication in 1.947 seconds (JVM running for 2.659)
2022-10-30 20:16:04,458 INFO org.apache.juli.logging.DirectJDKLog [http-nio-8080-exec-1] Initializing Spring DispatcherServlet 'dispatcherServlet'
2022-10-30 20:16:04,458 INFO org.springframework.web.servlet.FrameworkServlet [http-nio-8080-exec-1] Initializing Servlet 'dispatcherServlet'
2022-10-30 20:16:04,459 INFO org.springframework.web.servlet.FrameworkServlet [http-nio-8080-exec-1] Completed initialization in 1 ms
2022-10-30 20:16:07,436 INFO com.practice.alticcisequence.alticcisequence.Service.Implementations.AlticciServiceImplementation [http-nio-8080-exec-8] Calculating alticci sequence for input : 2 started
2022-10-30 20:16:07,437 INFO com.practice.alticcisequence.alticcisequence.Service.Implementations.AlticciServiceImplementation [http-nio-8080-exec-8] Calculating alticci sequence for input : 2 completed..
2022-10-30 20:16:08,947 INFO com.practice.alticcisequence.alticcisequence.Service.Implementations.AlticciServiceImplementation [http-nio-8080-exec-7] Calculating alticci sequence for input : 3 started
2022-10-30 20:16:08,948 INFO com.practice.alticcisequence.alticcisequence.Service.Implementations.AlticciServiceImplementation [http-nio-8080-exec-7] Calculating alticci sequence for input : 3 completed..
2022-10-30 20:16:10,576 INFO com.practice.alticcisequence.alticcisequence.Service.Implementations.AlticciServiceImplementation [http-nio-8080-exec-4] Calculating alticci sequence for input : 8 started
2022-10-30 20:16:10,577 INFO com.practice.alticcisequence.alticcisequence.Service.Implementations.AlticciServiceImplementation [http-nio-8080-exec-4] Calculating alticci sequence for input : 8 completed..
2022-10-30 20:46:17,125 INFO org.springframework.boot.StartupInfoLogger [main] Starting AlticcisequenceApplication using Java 1.8.0_202 on LAPTOP-QITGKDTN with PID 2956 (C:\Users\dawoo\Desktop\Practice\Winprovit\AlticciSequence\target\classes started by dawoo in C:\Users\dawoo\Desktop\Practice\Winprovit\AlticciSequence)
2022-10-30 20:46:17,128 INFO org.springframework.boot.SpringApplication [main] No active profile set, falling back to 1 default profile: "default"
2022-10-30 20:46:18,126 INFO org.springframework.boot.web.embedded.tomcat.TomcatWebServer [main] Tomcat initialized with port(s): 8080 (http)
2022-10-30 20:46:18,133 INFO org.apache.juli.logging.DirectJDKLog [main] Initializing ProtocolHandler ["http-nio-8080"]
2022-10-30 20:46:18,134 INFO org.apache.juli.logging.DirectJDKLog [main] Starting service [Tomcat]
2022-10-30 20:46:18,134 INFO org.apache.juli.logging.DirectJDKLog [main] Starting Servlet engine: [Apache Tomcat/9.0.68]
2022-10-30 20:46:18,233 INFO org.apache.juli.logging.DirectJDKLog [main] Initializing Spring embedded WebApplicationContext
2022-10-30 20:46:18,233 INFO org.springframework.boot.web.servlet.context.ServletWebServerApplicationContext [main] Root WebApplicationContext: initialization completed in 1061 ms
2022-10-30 20:46:18,771 INFO org.springframework.boot.autoconfigure.web.servlet.WelcomePageHandlerMapping [main] Adding welcome page: class path resource [static/index.html]
2022-10-30 20:46:18,848 INFO org.apache.juli.logging.DirectJDKLog [main] Starting ProtocolHandler ["http-nio-8080"]
2022-10-30 20:46:18,861 INFO org.springframework.boot.web.embedded.tomcat.TomcatWebServer [main] Tomcat started on port(s): 8080 (http) with context path ''
2022-10-30 20:46:19,022 INFO org.springframework.boot.StartupInfoLogger [main] Started AlticcisequenceApplication in 2.255 seconds (JVM running for 3.037)
2022-10-30 20:46:25,365 INFO org.apache.juli.logging.DirectJDKLog [http-nio-8080-exec-1] Initializing Spring DispatcherServlet 'dispatcherServlet'
2022-10-30 20:46:25,366 INFO org.springframework.web.servlet.FrameworkServlet [http-nio-8080-exec-1] Initializing Servlet 'dispatcherServlet'
2022-10-30 20:46:25,367 INFO org.springframework.web.servlet.FrameworkServlet [http-nio-8080-exec-1] Completed initialization in 1 ms
2022-10-30 20:46:27,332 INFO com.practice.alticcisequence.alticcisequence.Service.Implementations.AlticciServiceImplementation [http-nio-8080-exec-3] Calculating alticci sequence for input : 1 started
2022-10-30 20:46:27,333 INFO com.practice.alticcisequence.alticcisequence.Service.Implementations.AlticciServiceImplementation [http-nio-8080-exec-3] Calculating alticci sequence for input : 1 completed..
2022-10-30 20:46:28,915 INFO com.practice.alticcisequence.alticcisequence.Service.Implementations.AlticciServiceImplementation [http-nio-8080-exec-4] Calculating alticci sequence for input : 12 started
2022-10-30 20:46:28,916 INFO com.practice.alticcisequence.alticcisequence.Service.Implementations.AlticciServiceImplementation [http-nio-8080-exec-4] Calculating alticci sequence for input : 12 completed..
2022-10-30 21:16:04,430 INFO org.springframework.boot.StartupInfoLogger [main] Starting AlticcisequenceApplication using Java 1.8.0_202 on LAPTOP-QITGKDTN with PID 14824 (C:\Users\dawoo\Desktop\Practice\Winprovit\AlticciSequence\target\classes started by dawoo in C:\Users\dawoo\Desktop\Practice\Winprovit\AlticciSequence)
2022-10-30 21:16:04,433 INFO org.springframework.boot.SpringApplication [main] No active profile set, falling back to 1 default profile: "default"
2022-10-30 21:16:05,405 INFO org.springframework.boot.web.embedded.tomcat.TomcatWebServer [main] Tomcat initialized with port(s): 8080 (http)
2022-10-30 21:16:05,412 INFO org.apache.juli.logging.DirectJDKLog [main] Initializing ProtocolHandler ["http-nio-8080"]
2022-10-30 21:16:05,414 INFO org.apache.juli.logging.DirectJDKLog [main] Starting service [Tomcat]
2022-10-30 21:16:05,414 INFO org.apache.juli.logging.DirectJDKLog [main] Starting Servlet engine: [Apache Tomcat/9.0.68]
2022-10-30 21:16:05,538 INFO org.apache.juli.logging.DirectJDKLog [main] Initializing Spring embedded WebApplicationContext
2022-10-30 21:16:05,538 INFO org.springframework.boot.web.servlet.context.ServletWebServerApplicationContext [main] Root WebApplicationContext: initialization completed in 1064 ms
2022-10-30 21:16:06,029 INFO org.springframework.boot.autoconfigure.web.servlet.WelcomePageHandlerMapping [main] Adding welcome page: class path resource [static/index.html]
2022-10-30 21:16:06,097 INFO org.apache.juli.logging.DirectJDKLog [main] Starting ProtocolHandler ["http-nio-8080"]
2022-10-30 21:16:06,101 WARN org.springframework.context.support.AbstractApplicationContext [main] Exception encountered during context initialization - cancelling refresh attempt: org.springframework.context.ApplicationContextException: Failed to start bean 'webServerStartStop'; nested exception is org.springframework.boot.web.server.PortInUseException: Port 8080 is already in use
2022-10-30 21:16:06,106 INFO org.apache.juli.logging.DirectJDKLog [main] Pausing ProtocolHandler ["http-nio-8080"]
2022-10-30 21:16:06,106 INFO org.apache.juli.logging.DirectJDKLog [main] Stopping service [Tomcat]
2022-10-30 21:16:06,110 INFO org.apache.juli.logging.DirectJDKLog [main] Stopping ProtocolHandler ["http-nio-8080"]
2022-10-30 21:16:06,111 INFO org.apache.juli.logging.DirectJDKLog [main] Destroying ProtocolHandler ["http-nio-8080"]
2022-10-30 21:16:06,116 INFO org.springframework.boot.autoconfigure.logging.ConditionEvaluationReportLoggingListener [main] 

Error starting ApplicationContext. To display the conditions report re-run your application with 'debug' enabled.
2022-10-30 21:16:06,133 ERROR org.springframework.boot.diagnostics.LoggingFailureAnalysisReporter [main] 

***************************
APPLICATION FAILED TO START
***************************

Description:

Web server failed to start. Port 8080 was already in use.

Action:

Identify and stop the process that's listening on port 8080 or configure this application to listen on another port.

2022-10-30 21:17:07,282 INFO org.springframework.boot.StartupInfoLogger [main] Starting AlticcisequenceApplication using Java 1.8.0_202 on LAPTOP-QITGKDTN with PID 2388 (C:\Users\dawoo\Desktop\Practice\Winprovit\AlticciSequence\target\classes started by dawoo in C:\Users\dawoo\Desktop\Practice\Winprovit\AlticciSequence)
2022-10-30 21:17:07,286 INFO org.springframework.boot.SpringApplication [main] No active profile set, falling back to 1 default profile: "default"
2022-10-30 21:17:08,173 INFO org.springframework.boot.web.embedded.tomcat.TomcatWebServer [main] Tomcat initialized with port(s): 8080 (http)
2022-10-30 21:17:08,180 INFO org.apache.juli.logging.DirectJDKLog [main] Initializing ProtocolHandler ["http-nio-8080"]
2022-10-30 21:17:08,180 INFO org.apache.juli.logging.DirectJDKLog [main] Starting service [Tomcat]
2022-10-30 21:17:08,181 INFO org.apache.juli.logging.DirectJDKLog [main] Starting Servlet engine: [Apache Tomcat/9.0.68]
2022-10-30 21:17:08,274 INFO org.apache.juli.logging.DirectJDKLog [main] Initializing Spring embedded WebApplicationContext
2022-10-30 21:17:08,274 INFO org.springframework.boot.web.servlet.context.ServletWebServerApplicationContext [main] Root WebApplicationContext: initialization completed in 948 ms
2022-10-30 21:17:08,746 INFO org.springframework.boot.autoconfigure.web.servlet.WelcomePageHandlerMapping [main] Adding welcome page: class path resource [static/index.html]
2022-10-30 21:17:08,813 INFO org.apache.juli.logging.DirectJDKLog [main] Starting ProtocolHandler ["http-nio-8080"]
2022-10-30 21:17:08,816 WARN org.springframework.context.support.AbstractApplicationContext [main] Exception encountered during context initialization - cancelling refresh attempt: org.springframework.context.ApplicationContextException: Failed to start bean 'webServerStartStop'; nested exception is org.springframework.boot.web.server.PortInUseException: Port 8080 is already in use
2022-10-30 21:17:08,821 INFO org.apache.juli.logging.DirectJDKLog [main] Pausing ProtocolHandler ["http-nio-8080"]
2022-10-30 21:17:08,821 INFO org.apache.juli.logging.DirectJDKLog [main] Stopping service [Tomcat]
2022-10-30 21:17:08,824 INFO org.apache.juli.logging.DirectJDKLog [main] Stopping ProtocolHandler ["http-nio-8080"]
2022-10-30 21:17:08,824 INFO org.apache.juli.logging.DirectJDKLog [main] Destroying ProtocolHandler ["http-nio-8080"]
2022-10-30 21:17:08,829 INFO org.springframework.boot.autoconfigure.logging.ConditionEvaluationReportLoggingListener [main] 

Error starting ApplicationContext. To display the conditions report re-run your application with 'debug' enabled.
2022-10-30 21:17:08,843 ERROR org.springframework.boot.diagnostics.LoggingFailureAnalysisReporter [main] 

***************************
APPLICATION FAILED TO START
***************************

Description:

Web server failed to start. Port 8080 was already in use.

Action:

Identify and stop the process that's listening on port 8080 or configure this application to listen on another port.

2022-10-30 21:21:55,240 INFO org.springframework.boot.StartupInfoLogger [main] Starting AlticcisequenceApplication using Java 1.8.0_202 on LAPTOP-QITGKDTN with PID 12848 (C:\Users\dawoo\Desktop\Practice\Winprovit\AlticciSequence\target\classes started by dawoo in C:\Users\dawoo\Desktop\Practice\Winprovit\AlticciSequence)
2022-10-30 21:21:55,240 INFO org.springframework.boot.SpringApplication [main] No active profile set, falling back to 1 default profile: "default"
2022-10-30 21:21:56,448 INFO org.springframework.boot.web.embedded.tomcat.TomcatWebServer [main] Tomcat initialized with port(s): 8080 (http)
2022-10-30 21:21:56,464 INFO org.apache.juli.logging.DirectJDKLog [main] Initializing ProtocolHandler ["http-nio-8080"]
2022-10-30 21:21:56,464 INFO org.apache.juli.logging.DirectJDKLog [main] Starting service [Tomcat]
2022-10-30 21:21:56,464 INFO org.apache.juli.logging.DirectJDKLog [main] Starting Servlet engine: [Apache Tomcat/9.0.68]
2022-10-30 21:21:56,637 INFO org.apache.juli.logging.DirectJDKLog [main] Initializing Spring embedded WebApplicationContext
2022-10-30 21:21:56,637 INFO org.springframework.boot.web.servlet.context.ServletWebServerApplicationContext [main] Root WebApplicationContext: initialization completed in 1334 ms
2022-10-30 21:21:57,296 INFO org.springframework.boot.autoconfigure.web.servlet.WelcomePageHandlerMapping [main] Adding welcome page: class path resource [static/index.html]
2022-10-30 21:21:57,394 INFO org.apache.juli.logging.DirectJDKLog [main] Starting ProtocolHandler ["http-nio-8080"]
2022-10-30 21:21:57,405 INFO org.springframework.boot.web.embedded.tomcat.TomcatWebServer [main] Tomcat started on port(s): 8080 (http) with context path ''
2022-10-30 21:21:57,594 INFO org.springframework.boot.StartupInfoLogger [main] Started AlticcisequenceApplication in 2.807 seconds (JVM running for 5.058)
2022-10-30 21:22:09,375 INFO org.apache.juli.logging.DirectJDKLog [http-nio-8080-exec-1] Initializing Spring DispatcherServlet 'dispatcherServlet'
2022-10-30 21:22:09,376 INFO org.springframework.web.servlet.FrameworkServlet [http-nio-8080-exec-1] Initializing Servlet 'dispatcherServlet'
2022-10-30 21:22:09,377 INFO org.springframework.web.servlet.FrameworkServlet [http-nio-8080-exec-1] Completed initialization in 0 ms
2022-10-30 21:22:13,623 INFO com.practice.alticcisequence.alticcisequence.Service.Implementations.AlticciServiceImplementation [http-nio-8080-exec-6] Calculating alticci sequence for input : 1 started
2022-10-30 21:22:13,623 INFO com.practice.alticcisequence.alticcisequence.Service.Implementations.AlticciServiceImplementation [http-nio-8080-exec-6] Calculating alticci sequence for input : 1 completed..
2022-10-30 21:22:21,266 INFO com.practice.alticcisequence.alticcisequence.Service.Implementations.AlticciServiceImplementation [http-nio-8080-exec-9] Calculating alticci sequence for input : 4 started
2022-10-30 21:22:21,267 INFO com.practice.alticcisequence.alticcisequence.Service.Implementations.AlticciServiceImplementation [http-nio-8080-exec-9] Calculating alticci sequence for input : 4 completed..
2022-10-30 21:22:23,039 INFO com.practice.alticcisequence.alticcisequence.Service.Implementations.AlticciServiceImplementation [http-nio-8080-exec-10] Calculating alticci sequence for input : 3 started
2022-10-30 21:22:23,040 INFO com.practice.alticcisequence.alticcisequence.Service.Implementations.AlticciServiceImplementation [http-nio-8080-exec-10] Calculating alticci sequence for input : 3 completed..
2022-10-30 21:22:24,787 INFO com.practice.alticcisequence.alticcisequence.Service.Implementations.AlticciServiceImplementation [http-nio-8080-exec-1] Calculating alticci sequence for input : 8 started
2022-10-30 21:22:24,788 INFO com.practice.alticcisequence.alticcisequence.Service.Implementations.AlticciServiceImplementation [http-nio-8080-exec-1] Calculating alticci sequence for input : 8 completed..
2022-10-30 21:22:29,139 INFO com.practice.alticcisequence.alticcisequence.Service.Implementations.AlticciServiceImplementation [http-nio-8080-exec-3] Calculating alticci sequence for input : 20 started
2022-10-30 21:22:29,140 INFO com.practice.alticcisequence.alticcisequence.Service.Implementations.AlticciServiceImplementation [http-nio-8080-exec-3] Calculating alticci sequence for input : 20 completed..
